c:\users\galax\desktop\dbg\x64_dbg_dbg\win32\release\vc141.pdb
c:\users\galax\desktop\dbg\x64_dbg_dbg\win32\release\_global.obj
c:\users\galax\desktop\dbg\x64_dbg_dbg\win32\release\_exports.obj
c:\users\galax\desktop\dbg\x64_dbg_dbg\win32\release\x64_dbg.obj
c:\users\galax\desktop\dbg\x64_dbg_dbg\win32\release\variable.obj
c:\users\galax\desktop\dbg\x64_dbg_dbg\win32\release\value.obj
c:\users\galax\desktop\dbg\x64_dbg_dbg\win32\release\threading.obj
c:\users\galax\desktop\dbg\x64_dbg_dbg\win32\release\simplescript.obj
c:\users\galax\desktop\dbg\x64_dbg_dbg\win32\release\msgqueue.obj
c:\users\galax\desktop\dbg\x64_dbg_dbg\win32\release\memory.obj
c:\users\galax\desktop\dbg\x64_dbg_dbg\win32\release\math.obj
c:\users\galax\desktop\dbg\x64_dbg_dbg\win32\release\main.obj
c:\users\galax\desktop\dbg\x64_dbg_dbg\win32\release\instruction.obj
c:\users\galax\desktop\dbg\x64_dbg_dbg\win32\release\debugger.obj
c:\users\galax\desktop\dbg\x64_dbg_dbg\win32\release\console.obj
c:\users\galax\desktop\dbg\x64_dbg_dbg\win32\release\command.obj
c:\users\galax\desktop\dbg\x64_dbg_dbg\win32\release\breakpoint.obj
c:\users\galax\desktop\dbg\x64_dbg_dbg\win32\release\argument.obj
c:\users\galax\desktop\dbg\x64_dbg_dbg\win32\release\addrinfo.obj
c:\users\galax\desktop\dbg\bin\x32\x32_dbg.lib
c:\users\galax\desktop\dbg\bin\x32\x32_dbg.exp
c:\users\galax\desktop\dbg\x64_dbg_dbg\win32\release\x64_dbg_dbg.tlog\cl.command.1.tlog
c:\users\galax\desktop\dbg\x64_dbg_dbg\win32\release\x64_dbg_dbg.tlog\cl.read.1.tlog
c:\users\galax\desktop\dbg\x64_dbg_dbg\win32\release\x64_dbg_dbg.tlog\cl.write.1.tlog
c:\users\galax\desktop\dbg\x64_dbg_dbg\win32\release\x64_dbg_dbg.tlog\link.command.1.tlog
c:\users\galax\desktop\dbg\x64_dbg_dbg\win32\release\x64_dbg_dbg.tlog\link.read.1.tlog
c:\users\galax\desktop\dbg\x64_dbg_dbg\win32\release\x64_dbg_dbg.tlog\link.write.1.tlog
c:\users\galax\desktop\dbg\x64_dbg_dbg\win32\release\x64_dbg_dbg.tlog\x64_dbg_dbg.write.1u.tlog
