C:\Program Files (x86)\Microsoft Visual Studio\2017\Community\Common7\IDE\VC\VCTargets\Microsoft.CppBuild.targets(373,5): warning MSB8004: Output Directory does not end with a trailing slash.  This build instance will add the slash as it is required to allow proper evaluation of the Output Directory.
  addrinfo.cpp
C:\Program Files (x86)\Windows Kits\8.1\Include\um\dbghelp.h(1544): warning C4091: 'typedef ': ignored on left of '' when no variable is declared
C:\Program Files (x86)\Windows Kits\8.1\Include\um\dbghelp.h(3190): warning C4091: 'typedef ': ignored on left of '' when no variable is declared
addrinfo.cpp(12): warning C4996: 'strcpy': This function or variable may be unsafe. Consider using strcpy_s instead. To disable deprecation, use _CRT_SECURE_NO_WARNINGS. See online help for details.
  C:\Program Files (x86)\Windows Kits\10\Include\10.0.10240.0\ucrt\string.h(119): note: see declaration of 'strcpy'
addrinfo.cpp(11): warning C4996: '_strlwr': This function or variable may be unsafe. Consider using _strlwr_s instead. To disable deprecation, use _CRT_SECURE_NO_WARNINGS. See online help for details.
  C:\Program Files (x86)\Windows Kits\10\Include\10.0.10240.0\ucrt\string.h(233): note: see declaration of '_strlwr'
  argument.cpp
C:\Program Files (x86)\Windows Kits\8.1\Include\um\dbghelp.h(1544): warning C4091: 'typedef ': ignored on left of '' when no variable is declared
C:\Program Files (x86)\Windows Kits\8.1\Include\um\dbghelp.h(3190): warning C4091: 'typedef ': ignored on left of '' when no variable is declared
argument.cpp(29): warning C4996: 'strcpy': This function or variable may be unsafe. Consider using strcpy_s instead. To disable deprecation, use _CRT_SECURE_NO_WARNINGS. See online help for details.
  C:\Program Files (x86)\Windows Kits\10\Include\10.0.10240.0\ucrt\string.h(119): note: see declaration of 'strcpy'
argument.cpp(32): warning C4267: 'initializing': conversion from 'size_t' to 'int', possible loss of data
argument.cpp(45): warning C4996: 'strcpy': This function or variable may be unsafe. Consider using strcpy_s instead. To disable deprecation, use _CRT_SECURE_NO_WARNINGS. See online help for details.
  C:\Program Files (x86)\Windows Kits\10\Include\10.0.10240.0\ucrt\string.h(119): note: see declaration of 'strcpy'
argument.cpp(47): warning C4267: '=': conversion from 'size_t' to 'int', possible loss of data
argument.cpp(54): warning C4996: 'strcpy': This function or variable may be unsafe. Consider using strcpy_s instead. To disable deprecation, use _CRT_SECURE_NO_WARNINGS. See online help for details.
  C:\Program Files (x86)\Windows Kits\10\Include\10.0.10240.0\ucrt\string.h(119): note: see declaration of 'strcpy'
argument.cpp(55): warning C4267: '=': conversion from 'size_t' to 'int', possible loss of data
argument.cpp(64): warning C4267: '=': conversion from 'size_t' to 'int', possible loss of data
argument.cpp(68): warning C4267: '=': conversion from 'size_t' to 'int', possible loss of data
argument.cpp(91): warning C4267: 'initializing': conversion from 'size_t' to 'int', possible loss of data
argument.cpp(105): warning C4996: 'strcpy': This function or variable may be unsafe. Consider using strcpy_s instead. To disable deprecation, use _CRT_SECURE_NO_WARNINGS. See online help for details.
  C:\Program Files (x86)\Windows Kits\10\Include\10.0.10240.0\ucrt\string.h(119): note: see declaration of 'strcpy'
argument.cpp(107): warning C4267: '=': conversion from 'size_t' to 'int', possible loss of data
argument.cpp(114): warning C4267: '=': conversion from 'size_t' to 'int', possible loss of data
argument.cpp(121): warning C4996: 'strcpy': This function or variable may be unsafe. Consider using strcpy_s instead. To disable deprecation, use _CRT_SECURE_NO_WARNINGS. See online help for details.
  C:\Program Files (x86)\Windows Kits\10\Include\10.0.10240.0\ucrt\string.h(119): note: see declaration of 'strcpy'
argument.cpp(122): warning C4267: '=': conversion from 'size_t' to 'int', possible loss of data
argument.cpp(129): warning C4996: 'strcpy': This function or variable may be unsafe. Consider using strcpy_s instead. To disable deprecation, use _CRT_SECURE_NO_WARNINGS. See online help for details.
  C:\Program Files (x86)\Windows Kits\10\Include\10.0.10240.0\ucrt\string.h(119): note: see declaration of 'strcpy'
argument.cpp(130): warning C4267: '=': conversion from 'size_t' to 'int', possible loss of data
argument.cpp(140): warning C4996: 'strcpy': This function or variable may be unsafe. Consider using strcpy_s instead. To disable deprecation, use _CRT_SECURE_NO_WARNINGS. See online help for details.
  C:\Program Files (x86)\Windows Kits\10\Include\10.0.10240.0\ucrt\string.h(119): note: see declaration of 'strcpy'
argument.cpp(52): warning C4996: 'sprintf': This function or variable may be unsafe. Consider using sprintf_s instead. To disable deprecation, use _CRT_SECURE_NO_WARNINGS. See online help for details.
  C:\Program Files (x86)\Windows Kits\10\Include\10.0.10240.0\ucrt\stdio.h(1769): note: see declaration of 'sprintf'
argument.cpp(95): warning C4996: 'sprintf': This function or variable may be unsafe. Consider using sprintf_s instead. To disable deprecation, use _CRT_SECURE_NO_WARNINGS. See online help for details.
  C:\Program Files (x86)\Windows Kits\10\Include\10.0.10240.0\ucrt\stdio.h(1769): note: see declaration of 'sprintf'
argument.cpp(97): warning C4996: 'sprintf': This function or variable may be unsafe. Consider using sprintf_s instead. To disable deprecation, use _CRT_SECURE_NO_WARNINGS. See online help for details.
  C:\Program Files (x86)\Windows Kits\10\Include\10.0.10240.0\ucrt\stdio.h(1769): note: see declaration of 'sprintf'
argument.cpp(102): warning C4996: 'sprintf': This function or variable may be unsafe. Consider using sprintf_s instead. To disable deprecation, use _CRT_SECURE_NO_WARNINGS. See online help for details.
  C:\Program Files (x86)\Windows Kits\10\Include\10.0.10240.0\ucrt\stdio.h(1769): note: see declaration of 'sprintf'
argument.cpp(119): warning C4996: 'sprintf': This function or variable may be unsafe. Consider using sprintf_s instead. To disable deprecation, use _CRT_SECURE_NO_WARNINGS. See online help for details.
  C:\Program Files (x86)\Windows Kits\10\Include\10.0.10240.0\ucrt\stdio.h(1769): note: see declaration of 'sprintf'
argument.cpp(127): warning C4996: 'sprintf': This function or variable may be unsafe. Consider using sprintf_s instead. To disable deprecation, use _CRT_SECURE_NO_WARNINGS. See online help for details.
  C:\Program Files (x86)\Windows Kits\10\Include\10.0.10240.0\ucrt\stdio.h(1769): note: see declaration of 'sprintf'
argument.cpp(138): warning C4996: 'sprintf': This function or variable may be unsafe. Consider using sprintf_s instead. To disable deprecation, use _CRT_SECURE_NO_WARNINGS. See online help for details.
  C:\Program Files (x86)\Windows Kits\10\Include\10.0.10240.0\ucrt\stdio.h(1769): note: see declaration of 'sprintf'
argument.cpp(149): warning C4267: 'initializing': conversion from 'size_t' to 'int', possible loss of data
argument.cpp(162): warning C4996: 'strcpy': This function or variable may be unsafe. Consider using strcpy_s instead. To disable deprecation, use _CRT_SECURE_NO_WARNINGS. See online help for details.
  C:\Program Files (x86)\Windows Kits\10\Include\10.0.10240.0\ucrt\string.h(119): note: see declaration of 'strcpy'
argument.cpp(192): warning C4267: 'initializing': conversion from 'size_t' to 'int', possible loss of data
argument.cpp(199): warning C4996: 'strcpy': This function or variable may be unsafe. Consider using strcpy_s instead. To disable deprecation, use _CRT_SECURE_NO_WARNINGS. See online help for details.
  C:\Program Files (x86)\Windows Kits\10\Include\10.0.10240.0\ucrt\string.h(119): note: see declaration of 'strcpy'
argument.cpp(200): warning C4267: '=': conversion from 'size_t' to 'int', possible loss of data
argument.cpp(235): warning C4996: 'strcpy': This function or variable may be unsafe. Consider using strcpy_s instead. To disable deprecation, use _CRT_SECURE_NO_WARNINGS. See online help for details.
  C:\Program Files (x86)\Windows Kits\10\Include\10.0.10240.0\ucrt\string.h(119): note: see declaration of 'strcpy'
argument.cpp(244): warning C4996: 'strcpy': This function or variable may be unsafe. Consider using strcpy_s instead. To disable deprecation, use _CRT_SECURE_NO_WARNINGS. See online help for details.
  C:\Program Files (x86)\Windows Kits\10\Include\10.0.10240.0\ucrt\string.h(119): note: see declaration of 'strcpy'
argument.cpp(225): warning C4996: 'sprintf': This function or variable may be unsafe. Consider using sprintf_s instead. To disable deprecation, use _CRT_SECURE_NO_WARNINGS. See online help for details.
  C:\Program Files (x86)\Windows Kits\10\Include\10.0.10240.0\ucrt\stdio.h(1769): note: see declaration of 'sprintf'
argument.cpp(229): warning C4996: 'sprintf': This function or variable may be unsafe. Consider using sprintf_s instead. To disable deprecation, use _CRT_SECURE_NO_WARNINGS. See online help for details.
  C:\Program Files (x86)\Windows Kits\10\Include\10.0.10240.0\ucrt\stdio.h(1769): note: see declaration of 'sprintf'
  breakpoint.cpp
C:\Program Files (x86)\Windows Kits\8.1\Include\um\dbghelp.h(1544): warning C4091: 'typedef ': ignored on left of '' when no variable is declared
C:\Program Files (x86)\Windows Kits\8.1\Include\um\dbghelp.h(3190): warning C4091: 'typedef ': ignored on left of '' when no variable is declared
breakpoint.cpp(70): warning C4996: 'strcpy': This function or variable may be unsafe. Consider using strcpy_s instead. To disable deprecation, use _CRT_SECURE_NO_WARNINGS. See online help for details.
  C:\Program Files (x86)\Windows Kits\10\Include\10.0.10240.0\ucrt\string.h(119): note: see declaration of 'strcpy'
breakpoint.cpp(96): warning C4996: 'strcpy': This function or variable may be unsafe. Consider using strcpy_s instead. To disable deprecation, use _CRT_SECURE_NO_WARNINGS. See online help for details.
  C:\Program Files (x86)\Windows Kits\10\Include\10.0.10240.0\ucrt\string.h(119): note: see declaration of 'strcpy'
  command.cpp
C:\Program Files (x86)\Windows Kits\8.1\Include\um\dbghelp.h(1544): warning C4091: 'typedef ': ignored on left of '' when no variable is declared
C:\Program Files (x86)\Windows Kits\8.1\Include\um\dbghelp.h(3190): warning C4091: 'typedef ': ignored on left of '' when no variable is declared
command.cpp(61): warning C4996: 'strcpy': This function or variable may be unsafe. Consider using strcpy_s instead. To disable deprecation, use _CRT_SECURE_NO_WARNINGS. See online help for details.
  C:\Program Files (x86)\Windows Kits\10\Include\10.0.10240.0\ucrt\string.h(119): note: see declaration of 'strcpy'
command.cpp(77): warning C4996: 'strcpy': This function or variable may be unsafe. Consider using strcpy_s instead. To disable deprecation, use _CRT_SECURE_NO_WARNINGS. See online help for details.
  C:\Program Files (x86)\Windows Kits\10\Include\10.0.10240.0\ucrt\string.h(119): note: see declaration of 'strcpy'
command.cpp(78): warning C4267: 'initializing': conversion from 'size_t' to 'int', possible loss of data
command.cpp(188): warning C4267: 'initializing': conversion from 'size_t' to 'int', possible loss of data
command.cpp(203): warning C4267: 'initializing': conversion from 'size_t' to 'int', possible loss of data
command.cpp(209): warning C4996: 'strcpy': This function or variable may be unsafe. Consider using strcpy_s instead. To disable deprecation, use _CRT_SECURE_NO_WARNINGS. See online help for details.
  C:\Program Files (x86)\Windows Kits\10\Include\10.0.10240.0\ucrt\string.h(119): note: see declaration of 'strcpy'
command.cpp(219): warning C4996: 'strcpy': This function or variable may be unsafe. Consider using strcpy_s instead. To disable deprecation, use _CRT_SECURE_NO_WARNINGS. See online help for details.
  C:\Program Files (x86)\Windows Kits\10\Include\10.0.10240.0\ucrt\string.h(119): note: see declaration of 'strcpy'
command.cpp(226): warning C4996: 'strcpy': This function or variable may be unsafe. Consider using strcpy_s instead. To disable deprecation, use _CRT_SECURE_NO_WARNINGS. See online help for details.
  C:\Program Files (x86)\Windows Kits\10\Include\10.0.10240.0\ucrt\string.h(119): note: see declaration of 'strcpy'
command.cpp(208): warning C4996: 'sprintf': This function or variable may be unsafe. Consider using sprintf_s instead. To disable deprecation, use _CRT_SECURE_NO_WARNINGS. See online help for details.
  C:\Program Files (x86)\Windows Kits\10\Include\10.0.10240.0\ucrt\stdio.h(1769): note: see declaration of 'sprintf'
command.cpp(215): warning C4996: 'sprintf': This function or variable may be unsafe. Consider using sprintf_s instead. To disable deprecation, use _CRT_SECURE_NO_WARNINGS. See online help for details.
  C:\Program Files (x86)\Windows Kits\10\Include\10.0.10240.0\ucrt\stdio.h(1769): note: see declaration of 'sprintf'
command.cpp(218): warning C4996: 'sprintf': This function or variable may be unsafe. Consider using sprintf_s instead. To disable deprecation, use _CRT_SECURE_NO_WARNINGS. See online help for details.
  C:\Program Files (x86)\Windows Kits\10\Include\10.0.10240.0\ucrt\stdio.h(1769): note: see declaration of 'sprintf'
command.cpp(225): warning C4996: 'sprintf': This function or variable may be unsafe. Consider using sprintf_s instead. To disable deprecation, use _CRT_SECURE_NO_WARNINGS. See online help for details.
  C:\Program Files (x86)\Windows Kits\10\Include\10.0.10240.0\ucrt\stdio.h(1769): note: see declaration of 'sprintf'
  console.cpp
C:\Program Files (x86)\Windows Kits\8.1\Include\um\dbghelp.h(1544): warning C4091: 'typedef ': ignored on left of '' when no variable is declared
C:\Program Files (x86)\Windows Kits\8.1\Include\um\dbghelp.h(3190): warning C4091: 'typedef ': ignored on left of '' when no variable is declared
console.cpp(13): warning C4996: 'vsprintf': This function or variable may be unsafe. Consider using vsprintf_s instead. To disable deprecation, use _CRT_SECURE_NO_WARNINGS. See online help for details.
  C:\Program Files (x86)\Windows Kits\10\Include\10.0.10240.0\ucrt\stdio.h(1465): note: see declaration of 'vsprintf'
  debugger.cpp
C:\Program Files (x86)\Windows Kits\8.1\Include\um\dbghelp.h(1544): warning C4091: 'typedef ': ignored on left of '' when no variable is declared
C:\Program Files (x86)\Windows Kits\8.1\Include\um\dbghelp.h(3190): warning C4091: 'typedef ': ignored on left of '' when no variable is declared
debugger.cpp(88): warning C4996: 'strcpy': This function or variable may be unsafe. Consider using strcpy_s instead. To disable deprecation, use _CRT_SECURE_NO_WARNINGS. See online help for details.
  C:\Program Files (x86)\Windows Kits\10\Include\10.0.10240.0\ucrt\string.h(119): note: see declaration of 'strcpy'
debugger.cpp(90): warning C4267: 'initializing': conversion from 'size_t' to 'int', possible loss of data
debugger.cpp(89): warning C4996: '_strlwr': This function or variable may be unsafe. Consider using _strlwr_s instead. To disable deprecation, use _CRT_SECURE_NO_WARNINGS. See online help for details.
  C:\Program Files (x86)\Windows Kits\10\Include\10.0.10240.0\ucrt\string.h(233): note: see declaration of '_strlwr'
debugger.cpp(98): warning C4996: 'sprintf': This function or variable may be unsafe. Consider using sprintf_s instead. To disable deprecation, use _CRT_SECURE_NO_WARNINGS. See online help for details.
  C:\Program Files (x86)\Windows Kits\10\Include\10.0.10240.0\ucrt\stdio.h(1769): note: see declaration of 'sprintf'
debugger.cpp(100): warning C4996: 'sprintf': This function or variable may be unsafe. Consider using sprintf_s instead. To disable deprecation, use _CRT_SECURE_NO_WARNINGS. See online help for details.
  C:\Program Files (x86)\Windows Kits\10\Include\10.0.10240.0\ucrt\stdio.h(1769): note: see declaration of 'sprintf'
debugger.cpp(105): warning C4996: 'sprintf': This function or variable may be unsafe. Consider using sprintf_s instead. To disable deprecation, use _CRT_SECURE_NO_WARNINGS. See online help for details.
  C:\Program Files (x86)\Windows Kits\10\Include\10.0.10240.0\ucrt\stdio.h(1769): note: see declaration of 'sprintf'
debugger.cpp(107): warning C4996: 'sprintf': This function or variable may be unsafe. Consider using sprintf_s instead. To disable deprecation, use _CRT_SECURE_NO_WARNINGS. See online help for details.
  C:\Program Files (x86)\Windows Kits\10\Include\10.0.10240.0\ucrt\stdio.h(1769): note: see declaration of 'sprintf'
debugger.cpp(131): warning C4996: 'sprintf': This function or variable may be unsafe. Consider using sprintf_s instead. To disable deprecation, use _CRT_SECURE_NO_WARNINGS. See online help for details.
  C:\Program Files (x86)\Windows Kits\10\Include\10.0.10240.0\ucrt\stdio.h(1769): note: see declaration of 'sprintf'
debugger.cpp(133): warning C4996: 'sprintf': This function or variable may be unsafe. Consider using sprintf_s instead. To disable deprecation, use _CRT_SECURE_NO_WARNINGS. See online help for details.
  C:\Program Files (x86)\Windows Kits\10\Include\10.0.10240.0\ucrt\stdio.h(1769): note: see declaration of 'sprintf'
debugger.cpp(156): warning C4996: 'sprintf': This function or variable may be unsafe. Consider using sprintf_s instead. To disable deprecation, use _CRT_SECURE_NO_WARNINGS. See online help for details.
  C:\Program Files (x86)\Windows Kits\10\Include\10.0.10240.0\ucrt\stdio.h(1769): note: see declaration of 'sprintf'
debugger.cpp(158): warning C4996: 'sprintf': This function or variable may be unsafe. Consider using sprintf_s instead. To disable deprecation, use _CRT_SECURE_NO_WARNINGS. See online help for details.
  C:\Program Files (x86)\Windows Kits\10\Include\10.0.10240.0\ucrt\stdio.h(1769): note: see declaration of 'sprintf'
debugger.cpp(206): warning C4996: 'sprintf': This function or variable may be unsafe. Consider using sprintf_s instead. To disable deprecation, use _CRT_SECURE_NO_WARNINGS. See online help for details.
  C:\Program Files (x86)\Windows Kits\10\Include\10.0.10240.0\ucrt\stdio.h(1769): note: see declaration of 'sprintf'
debugger.cpp(211): warning C4996: 'sprintf': This function or variable may be unsafe. Consider using sprintf_s instead. To disable deprecation, use _CRT_SECURE_NO_WARNINGS. See online help for details.
  C:\Program Files (x86)\Windows Kits\10\Include\10.0.10240.0\ucrt\stdio.h(1769): note: see declaration of 'sprintf'
debugger.cpp(228): warning C4996: 'strcpy': This function or variable may be unsafe. Consider using strcpy_s instead. To disable deprecation, use _CRT_SECURE_NO_WARNINGS. See online help for details.
  C:\Program Files (x86)\Windows Kits\10\Include\10.0.10240.0\ucrt\string.h(119): note: see declaration of 'strcpy'
debugger.cpp(240): warning C4996: 'strcpy': This function or variable may be unsafe. Consider using strcpy_s instead. To disable deprecation, use _CRT_SECURE_NO_WARNINGS. See online help for details.
  C:\Program Files (x86)\Windows Kits\10\Include\10.0.10240.0\ucrt\string.h(119): note: see declaration of 'strcpy'
debugger.cpp(252): warning C4996: 'strcpy': This function or variable may be unsafe. Consider using strcpy_s instead. To disable deprecation, use _CRT_SECURE_NO_WARNINGS. See online help for details.
  C:\Program Files (x86)\Windows Kits\10\Include\10.0.10240.0\ucrt\string.h(119): note: see declaration of 'strcpy'
debugger.cpp(348): warning C4996: 'strcpy': This function or variable may be unsafe. Consider using strcpy_s instead. To disable deprecation, use _CRT_SECURE_NO_WARNINGS. See online help for details.
  C:\Program Files (x86)\Windows Kits\10\Include\10.0.10240.0\ucrt\string.h(119): note: see declaration of 'strcpy'
debugger.cpp(401): warning C4996: 'strcpy': This function or variable may be unsafe. Consider using strcpy_s instead. To disable deprecation, use _CRT_SECURE_NO_WARNINGS. See online help for details.
  C:\Program Files (x86)\Windows Kits\10\Include\10.0.10240.0\ucrt\string.h(119): note: see declaration of 'strcpy'
debugger.cpp(402): warning C4267: 'initializing': conversion from 'size_t' to 'int', possible loss of data
debugger.cpp(407): warning C4996: 'strcpy': This function or variable may be unsafe. Consider using strcpy_s instead. To disable deprecation, use _CRT_SECURE_NO_WARNINGS. See online help for details.
  C:\Program Files (x86)\Windows Kits\10\Include\10.0.10240.0\ucrt\string.h(119): note: see declaration of 'strcpy'
debugger.cpp(473): warning C4244: 'argument': conversion from 'uint' to 'long', possible loss of data
debugger.cpp(492): warning C4996: 'strcpy': This function or variable may be unsafe. Consider using strcpy_s instead. To disable deprecation, use _CRT_SECURE_NO_WARNINGS. See online help for details.
  C:\Program Files (x86)\Windows Kits\10\Include\10.0.10240.0\ucrt\string.h(119): note: see declaration of 'strcpy'
debugger.cpp(527): warning C4244: 'argument': conversion from 'uint' to 'DWORD', possible loss of data
debugger.cpp(495): warning C4996: '_strlwr': This function or variable may be unsafe. Consider using _strlwr_s instead. To disable deprecation, use _CRT_SECURE_NO_WARNINGS. See online help for details.
  C:\Program Files (x86)\Windows Kits\10\Include\10.0.10240.0\ucrt\string.h(233): note: see declaration of '_strlwr'
debugger.cpp(873): warning C4996: 'strcpy': This function or variable may be unsafe. Consider using strcpy_s instead. To disable deprecation, use _CRT_SECURE_NO_WARNINGS. See online help for details.
  C:\Program Files (x86)\Windows Kits\10\Include\10.0.10240.0\ucrt\string.h(119): note: see declaration of 'strcpy'
debugger.cpp(897): warning C4244: 'argument': conversion from 'uint' to 'DWORD', possible loss of data
debugger.cpp(902): warning C4244: 'argument': conversion from 'uint' to 'short', possible loss of data
debugger.cpp(979): warning C4244: 'argument': conversion from 'uint' to 'DWORD', possible loss of data
debugger.cpp(984): warning C4244: 'argument': conversion from 'uint' to 'short', possible loss of data
debugger.cpp(998): warning C4244: 'argument': conversion from 'uint' to 'DWORD', possible loss of data
  instruction.cpp
C:\Program Files (x86)\Windows Kits\8.1\Include\um\dbghelp.h(1544): warning C4091: 'typedef ': ignored on left of '' when no variable is declared
C:\Program Files (x86)\Windows Kits\8.1\Include\um\dbghelp.h(3190): warning C4091: 'typedef ': ignored on left of '' when no variable is declared
instruction.cpp(27): warning C4996: 'sprintf': This function or variable may be unsafe. Consider using sprintf_s instead. To disable deprecation, use _CRT_SECURE_NO_WARNINGS. See online help for details.
  C:\Program Files (x86)\Windows Kits\10\Include\10.0.10240.0\ucrt\stdio.h(1769): note: see declaration of 'sprintf'
instruction.cpp(29): warning C4996: 'sprintf': This function or variable may be unsafe. Consider using sprintf_s instead. To disable deprecation, use _CRT_SECURE_NO_WARNINGS. See online help for details.
  C:\Program Files (x86)\Windows Kits\10\Include\10.0.10240.0\ucrt\stdio.h(1769): note: see declaration of 'sprintf'
instruction.cpp(34): warning C4996: 'sprintf': This function or variable may be unsafe. Consider using sprintf_s instead. To disable deprecation, use _CRT_SECURE_NO_WARNINGS. See online help for details.
  C:\Program Files (x86)\Windows Kits\10\Include\10.0.10240.0\ucrt\stdio.h(1769): note: see declaration of 'sprintf'
instruction.cpp(43): warning C4996: 'sprintf': This function or variable may be unsafe. Consider using sprintf_s instead. To disable deprecation, use _CRT_SECURE_NO_WARNINGS. See online help for details.
  C:\Program Files (x86)\Windows Kits\10\Include\10.0.10240.0\ucrt\stdio.h(1769): note: see declaration of 'sprintf'
instruction.cpp(45): warning C4996: 'sprintf': This function or variable may be unsafe. Consider using sprintf_s instead. To disable deprecation, use _CRT_SECURE_NO_WARNINGS. See online help for details.
  C:\Program Files (x86)\Windows Kits\10\Include\10.0.10240.0\ucrt\stdio.h(1769): note: see declaration of 'sprintf'
instruction.cpp(46): warning C4996: 'sprintf': This function or variable may be unsafe. Consider using sprintf_s instead. To disable deprecation, use _CRT_SECURE_NO_WARNINGS. See online help for details.
  C:\Program Files (x86)\Windows Kits\10\Include\10.0.10240.0\ucrt\stdio.h(1769): note: see declaration of 'sprintf'
instruction.cpp(51): warning C4996: 'sprintf': This function or variable may be unsafe. Consider using sprintf_s instead. To disable deprecation, use _CRT_SECURE_NO_WARNINGS. See online help for details.
  C:\Program Files (x86)\Windows Kits\10\Include\10.0.10240.0\ucrt\stdio.h(1769): note: see declaration of 'sprintf'
instruction.cpp(165): warning C4996: 'strcpy': This function or variable may be unsafe. Consider using strcpy_s instead. To disable deprecation, use _CRT_SECURE_NO_WARNINGS. See online help for details.
  C:\Program Files (x86)\Windows Kits\10\Include\10.0.10240.0\ucrt\string.h(119): note: see declaration of 'strcpy'
instruction.cpp(166): warning C4267: 'initializing': conversion from 'size_t' to 'int', possible loss of data
  main.cpp
C:\Program Files (x86)\Windows Kits\8.1\Include\um\dbghelp.h(1544): warning C4091: 'typedef ': ignored on left of '' when no variable is declared
C:\Program Files (x86)\Windows Kits\8.1\Include\um\dbghelp.h(3190): warning C4091: 'typedef ': ignored on left of '' when no variable is declared
  math.cpp
C:\Program Files (x86)\Windows Kits\8.1\Include\um\dbghelp.h(1544): warning C4091: 'typedef ': ignored on left of '' when no variable is declared
C:\Program Files (x86)\Windows Kits\8.1\Include\um\dbghelp.h(3190): warning C4091: 'typedef ': ignored on left of '' when no variable is declared
math.cpp(58): warning C4267: 'initializing': conversion from 'size_t' to 'int', possible loss of data
math.cpp(64): warning C4996: 'strcpy': This function or variable may be unsafe. Consider using strcpy_s instead. To disable deprecation, use _CRT_SECURE_NO_WARNINGS. See online help for details.
  C:\Program Files (x86)\Windows Kits\10\Include\10.0.10240.0\ucrt\string.h(119): note: see declaration of 'strcpy'
math.cpp(63): warning C4996: 'sprintf': This function or variable may be unsafe. Consider using sprintf_s instead. To disable deprecation, use _CRT_SECURE_NO_WARNINGS. See online help for details.
  C:\Program Files (x86)\Windows Kits\10\Include\10.0.10240.0\ucrt\stdio.h(1769): note: see declaration of 'sprintf'
math.cpp(73): warning C4267: 'initializing': conversion from 'size_t' to 'int', possible loss of data
math.cpp(239): warning C4267: 'initializing': conversion from 'size_t' to 'int', possible loss of data
math.cpp(245): warning C4244: 'initializing': conversion from '__int64' to 'int', possible loss of data
math.cpp(253): warning C4244: 'initializing': conversion from '__int64' to 'int', possible loss of data
math.cpp(266): warning C4267: 'initializing': conversion from 'size_t' to 'int', possible loss of data
math.cpp(312): warning C4996: 'strcpy': This function or variable may be unsafe. Consider using strcpy_s instead. To disable deprecation, use _CRT_SECURE_NO_WARNINGS. See online help for details.
  C:\Program Files (x86)\Windows Kits\10\Include\10.0.10240.0\ucrt\string.h(119): note: see declaration of 'strcpy'
math.cpp(321): warning C4996: 'strcat': This function or variable may be unsafe. Consider using strcat_s instead. To disable deprecation, use _CRT_SECURE_NO_WARNINGS. See online help for details.
  C:\Program Files (x86)\Windows Kits\10\Include\10.0.10240.0\ucrt\string.h(90): note: see declaration of 'strcat'
math.cpp(310): warning C4996: 'strncpy': This function or variable may be unsafe. Consider using strncpy_s instead. To disable deprecation, use _CRT_SECURE_NO_WARNINGS. See online help for details.
  C:\Program Files (x86)\Windows Kits\10\Include\10.0.10240.0\ucrt\string.h(346): note: see declaration of 'strncpy'
math.cpp(318): warning C4477: 'sprintf' : format string '%X' requires an argument of type 'unsigned int', but variadic argument 1 has type 'uint'
  math.cpp(318): note: consider using '%llX' in the format string
  math.cpp(318): note: consider using '%IX' in the format string
  math.cpp(318): note: consider using '%I64X' in the format string
math.cpp(318): warning C4996: 'sprintf': This function or variable may be unsafe. Consider using sprintf_s instead. To disable deprecation, use _CRT_SECURE_NO_WARNINGS. See online help for details.
  C:\Program Files (x86)\Windows Kits\10\Include\10.0.10240.0\ucrt\stdio.h(1769): note: see declaration of 'sprintf'
math.cpp(362): warning C4267: 'initializing': conversion from 'size_t' to 'int', possible loss of data
math.cpp(383): warning C4996: 'strcpy': This function or variable may be unsafe. Consider using strcpy_s instead. To disable deprecation, use _CRT_SECURE_NO_WARNINGS. See online help for details.
  C:\Program Files (x86)\Windows Kits\10\Include\10.0.10240.0\ucrt\string.h(119): note: see declaration of 'strcpy'
math.cpp(382): warning C4996: 'strncpy': This function or variable may be unsafe. Consider using strncpy_s instead. To disable deprecation, use _CRT_SECURE_NO_WARNINGS. See online help for details.
  C:\Program Files (x86)\Windows Kits\10\Include\10.0.10240.0\ucrt\string.h(346): note: see declaration of 'strncpy'
  memory.cpp
C:\Program Files (x86)\Windows Kits\8.1\Include\um\dbghelp.h(1544): warning C4091: 'typedef ': ignored on left of '' when no variable is declared
C:\Program Files (x86)\Windows Kits\8.1\Include\um\dbghelp.h(3190): warning C4091: 'typedef ': ignored on left of '' when no variable is declared
memory.cpp(10): warning C4244: '=': conversion from 'SIZE_T' to 'DWORD', possible loss of data
  msgqueue.cpp
C:\Program Files (x86)\Windows Kits\8.1\Include\um\dbghelp.h(1544): warning C4091: 'typedef ': ignored on left of '' when no variable is declared
C:\Program Files (x86)\Windows Kits\8.1\Include\um\dbghelp.h(3190): warning C4091: 'typedef ': ignored on left of '' when no variable is declared
  simplescript.cpp
C:\Program Files (x86)\Windows Kits\8.1\Include\um\dbghelp.h(1544): warning C4091: 'typedef ': ignored on left of '' when no variable is declared
C:\Program Files (x86)\Windows Kits\8.1\Include\um\dbghelp.h(3190): warning C4091: 'typedef ': ignored on left of '' when no variable is declared
simplescript.cpp(24): warning C4996: 'strcpy': This function or variable may be unsafe. Consider using strcpy_s instead. To disable deprecation, use _CRT_SECURE_NO_WARNINGS. See online help for details.
  C:\Program Files (x86)\Windows Kits\10\Include\10.0.10240.0\ucrt\string.h(119): note: see declaration of 'strcpy'
simplescript.cpp(40): warning C4996: 'strcpy': This function or variable may be unsafe. Consider using strcpy_s instead. To disable deprecation, use _CRT_SECURE_NO_WARNINGS. See online help for details.
  C:\Program Files (x86)\Windows Kits\10\Include\10.0.10240.0\ucrt\string.h(119): note: see declaration of 'strcpy'
  threading.cpp
C:\Program Files (x86)\Windows Kits\8.1\Include\um\dbghelp.h(1544): warning C4091: 'typedef ': ignored on left of '' when no variable is declared
C:\Program Files (x86)\Windows Kits\8.1\Include\um\dbghelp.h(3190): warning C4091: 'typedef ': ignored on left of '' when no variable is declared
  value.cpp
C:\Program Files (x86)\Windows Kits\8.1\Include\um\dbghelp.h(1544): warning C4091: 'typedef ': ignored on left of '' when no variable is declared
C:\Program Files (x86)\Windows Kits\8.1\Include\um\dbghelp.h(3190): warning C4091: 'typedef ': ignored on left of '' when no variable is declared
value.cpp(994): warning C4267: 'initializing': conversion from 'size_t' to 'int', possible loss of data
value.cpp(997): warning C4996: 'strcpy': This function or variable may be unsafe. Consider using strcpy_s instead. To disable deprecation, use _CRT_SECURE_NO_WARNINGS. See online help for details.
  C:\Program Files (x86)\Windows Kits\10\Include\10.0.10240.0\ucrt\string.h(119): note: see declaration of 'strcpy'
value.cpp(1052): warning C4267: 'initializing': conversion from 'size_t' to 'int', possible loss of data
value.cpp(1069): warning C4267: 'initializing': conversion from 'size_t' to 'int', possible loss of data
value.cpp(1105): warning C4267: 'initializing': conversion from 'size_t' to 'int', possible loss of data
value.cpp(1107): warning C4996: 'strcpy': This function or variable may be unsafe. Consider using strcpy_s instead. To disable deprecation, use _CRT_SECURE_NO_WARNINGS. See online help for details.
  C:\Program Files (x86)\Windows Kits\10\Include\10.0.10240.0\ucrt\string.h(119): note: see declaration of 'strcpy'
value.cpp(1196): warning C4244: 'argument': conversion from 'uint' to 'unsigned int', possible loss of data
value.cpp(1094): warning C4996: 'sscanf': This function or variable may be unsafe. Consider using sscanf_s instead. To disable deprecation, use _CRT_SECURE_NO_WARNINGS. See online help for details.
  C:\Program Files (x86)\Windows Kits\10\Include\10.0.10240.0\ucrt\stdio.h(2254): note: see declaration of 'sscanf'
value.cpp(1212): warning C4996: 'sscanf': This function or variable may be unsafe. Consider using sscanf_s instead. To disable deprecation, use _CRT_SECURE_NO_WARNINGS. See online help for details.
  C:\Program Files (x86)\Windows Kits\10\Include\10.0.10240.0\ucrt\stdio.h(2254): note: see declaration of 'sscanf'
value.cpp(1225): warning C4996: 'sscanf': This function or variable may be unsafe. Consider using sscanf_s instead. To disable deprecation, use _CRT_SECURE_NO_WARNINGS. See online help for details.
  C:\Program Files (x86)\Windows Kits\10\Include\10.0.10240.0\ucrt\stdio.h(2254): note: see declaration of 'sscanf'
  variable.cpp
C:\Program Files (x86)\Windows Kits\8.1\Include\um\dbghelp.h(1544): warning C4091: 'typedef ': ignored on left of '' when no variable is declared
C:\Program Files (x86)\Windows Kits\8.1\Include\um\dbghelp.h(3190): warning C4091: 'typedef ': ignored on left of '' when no variable is declared
variable.cpp(57): warning C4996: 'strcpy': This function or variable may be unsafe. Consider using strcpy_s instead. To disable deprecation, use _CRT_SECURE_NO_WARNINGS. See online help for details.
  C:\Program Files (x86)\Windows Kits\10\Include\10.0.10240.0\ucrt\string.h(119): note: see declaration of 'strcpy'
variable.cpp(60): warning C4996: 'strcpy': This function or variable may be unsafe. Consider using strcpy_s instead. To disable deprecation, use _CRT_SECURE_NO_WARNINGS. See online help for details.
  C:\Program Files (x86)\Windows Kits\10\Include\10.0.10240.0\ucrt\string.h(119): note: see declaration of 'strcpy'
variable.cpp(100): warning C4996: 'strcat': This function or variable may be unsafe. Consider using strcat_s instead. To disable deprecation, use _CRT_SECURE_NO_WARNINGS. See online help for details.
  C:\Program Files (x86)\Windows Kits\10\Include\10.0.10240.0\ucrt\string.h(90): note: see declaration of 'strcat'
variable.cpp(118): warning C4996: 'strcat': This function or variable may be unsafe. Consider using strcat_s instead. To disable deprecation, use _CRT_SECURE_NO_WARNINGS. See online help for details.
  C:\Program Files (x86)\Windows Kits\10\Include\10.0.10240.0\ucrt\string.h(90): note: see declaration of 'strcat'
variable.cpp(134): warning C4996: 'strcpy': This function or variable may be unsafe. Consider using strcpy_s instead. To disable deprecation, use _CRT_SECURE_NO_WARNINGS. See online help for details.
  C:\Program Files (x86)\Windows Kits\10\Include\10.0.10240.0\ucrt\string.h(119): note: see declaration of 'strcpy'
variable.cpp(137): warning C4996: 'strcpy': This function or variable may be unsafe. Consider using strcpy_s instead. To disable deprecation, use _CRT_SECURE_NO_WARNINGS. See online help for details.
  C:\Program Files (x86)\Windows Kits\10\Include\10.0.10240.0\ucrt\string.h(119): note: see declaration of 'strcpy'
  dbg_dbg.cpp
C:\Program Files (x86)\Windows Kits\8.1\Include\um\dbghelp.h(1544): warning C4091: 'typedef ': ignored on left of '' when no variable is declared
C:\Program Files (x86)\Windows Kits\8.1\Include\um\dbghelp.h(3190): warning C4091: 'typedef ': ignored on left of '' when no variable is declared
dbg_dbg.cpp(83): warning C4996: 'strcpy': This function or variable may be unsafe. Consider using strcpy_s instead. To disable deprecation, use _CRT_SECURE_NO_WARNINGS. See online help for details.
  C:\Program Files (x86)\Windows Kits\10\Include\10.0.10240.0\ucrt\string.h(119): note: see declaration of 'strcpy'
dbg_dbg.cpp(90): warning C4267: 'initializing': conversion from 'size_t' to 'int', possible loss of data
dbg_dbg.cpp(92): warning C4996: 'strcpy': This function or variable may be unsafe. Consider using strcpy_s instead. To disable deprecation, use _CRT_SECURE_NO_WARNINGS. See online help for details.
  C:\Program Files (x86)\Windows Kits\10\Include\10.0.10240.0\ucrt\string.h(119): note: see declaration of 'strcpy'
dbg_dbg.cpp(120): warning C4267: 'initializing': conversion from 'size_t' to 'int', possible loss of data
  _exports.cpp
C:\Program Files (x86)\Windows Kits\8.1\Include\um\dbghelp.h(1544): warning C4091: 'typedef ': ignored on left of '' when no variable is declared
C:\Program Files (x86)\Windows Kits\8.1\Include\um\dbghelp.h(3190): warning C4091: 'typedef ': ignored on left of '' when no variable is declared
_exports.cpp(31): warning C4244: '=': conversion from 'SIZE_T' to 'DWORD', possible loss of data
_exports.cpp(88): warning C4244: '=': conversion from '__int64' to 'unsigned int', possible loss of data
_exports.cpp(103): warning C4996: 'strcpy': This function or variable may be unsafe. Consider using strcpy_s instead. To disable deprecation, use _CRT_SECURE_NO_WARNINGS. See online help for details.
  C:\Program Files (x86)\Windows Kits\10\Include\10.0.10240.0\ucrt\string.h(119): note: see declaration of 'strcpy'
_exports.cpp(212): warning C4244: '=': conversion from 'duint' to 'unsigned int', possible loss of data
_exports.cpp(226): warning C4244: 'argument': conversion from 'duint' to 'unsigned int', possible loss of data
_exports.cpp(227): warning C4244: 'argument': conversion from 'duint' to 'unsigned int', possible loss of data
_exports.cpp(228): warning C4244: 'argument': conversion from 'duint' to 'unsigned int', possible loss of data
_exports.cpp(229): warning C4244: 'argument': conversion from 'duint' to 'unsigned int', possible loss of data
_exports.cpp(230): warning C4244: 'argument': conversion from 'duint' to 'unsigned int', possible loss of data
_exports.cpp(231): warning C4244: 'argument': conversion from 'duint' to 'unsigned int', possible loss of data
_exports.cpp(232): warning C4244: 'argument': conversion from 'duint' to 'unsigned int', possible loss of data
_exports.cpp(233): warning C4244: 'argument': conversion from 'duint' to 'unsigned int', possible loss of data
_exports.cpp(234): warning C4244: 'argument': conversion from 'duint' to 'unsigned int', possible loss of data
  _global.cpp
C:\Program Files (x86)\Windows Kits\8.1\Include\um\dbghelp.h(1544): warning C4091: 'typedef ': ignored on left of '' when no variable is declared
C:\Program Files (x86)\Windows Kits\8.1\Include\um\dbghelp.h(3190): warning C4091: 'typedef ': ignored on left of '' when no variable is declared
_global.cpp(27): warning C4996: 'strcpy': This function or variable may be unsafe. Consider using strcpy_s instead. To disable deprecation, use _CRT_SECURE_NO_WARNINGS. See online help for details.
  C:\Program Files (x86)\Windows Kits\10\Include\10.0.10240.0\ucrt\string.h(119): note: see declaration of 'strcpy'
_global.cpp(28): warning C4267: 'initializing': conversion from 'size_t' to 'int', possible loss of data
_global.cpp(34): warning C4267: 'initializing': conversion from 'size_t' to 'int', possible loss of data
_global.cpp(40): warning C4267: '+=': conversion from 'size_t' to 'int', possible loss of data
_global.cpp(55): warning C4267: 'initializing': conversion from 'size_t' to 'int', possible loss of data
_global.cpp(62): warning C4996: 'strcpy': This function or variable may be unsafe. Consider using strcpy_s instead. To disable deprecation, use _CRT_SECURE_NO_WARNINGS. See online help for details.
  C:\Program Files (x86)\Windows Kits\10\Include\10.0.10240.0\ucrt\string.h(119): note: see declaration of 'strcpy'
_global.cpp(56): warning C4996: '_strupr': This function or variable may be unsafe. Consider using _strupr_s instead. To disable deprecation, use _CRT_SECURE_NO_WARNINGS. See online help for details.
  C:\Program Files (x86)\Windows Kits\10\Include\10.0.10240.0\ucrt\string.h(472): note: see declaration of '_strupr'
_global.cpp(61): warning C4996: 'sprintf': This function or variable may be unsafe. Consider using sprintf_s instead. To disable deprecation, use _CRT_SECURE_NO_WARNINGS. See online help for details.
  C:\Program Files (x86)\Windows Kits\10\Include\10.0.10240.0\ucrt\stdio.h(1769): note: see declaration of 'sprintf'
_global.cpp(68): warning C4267: 'initializing': conversion from 'size_t' to 'int', possible loss of data
_global.cpp(75): warning C4996: 'strcpy': This function or variable may be unsafe. Consider using strcpy_s instead. To disable deprecation, use _CRT_SECURE_NO_WARNINGS. See online help for details.
  C:\Program Files (x86)\Windows Kits\10\Include\10.0.10240.0\ucrt\string.h(119): note: see declaration of 'strcpy'
_global.cpp(69): warning C4996: '_strupr': This function or variable may be unsafe. Consider using _strupr_s instead. To disable deprecation, use _CRT_SECURE_NO_WARNINGS. See online help for details.
  C:\Program Files (x86)\Windows Kits\10\Include\10.0.10240.0\ucrt\string.h(472): note: see declaration of '_strupr'
_global.cpp(74): warning C4996: 'sprintf': This function or variable may be unsafe. Consider using sprintf_s instead. To disable deprecation, use _CRT_SECURE_NO_WARNINGS. See online help for details.
  C:\Program Files (x86)\Windows Kits\10\Include\10.0.10240.0\ucrt\stdio.h(1769): note: see declaration of 'sprintf'
_global.cpp(107): warning C4996: 'sprintf': This function or variable may be unsafe. Consider using sprintf_s instead. To disable deprecation, use _CRT_SECURE_NO_WARNINGS. See online help for details.
  C:\Program Files (x86)\Windows Kits\10\Include\10.0.10240.0\ucrt\stdio.h(1769): note: see declaration of 'sprintf'
_global.cpp(125): warning C4996: 'sprintf': This function or variable may be unsafe. Consider using sprintf_s instead. To disable deprecation, use _CRT_SECURE_NO_WARNINGS. See online help for details.
  C:\Program Files (x86)\Windows Kits\10\Include\10.0.10240.0\ucrt\stdio.h(1769): note: see declaration of 'sprintf'
  Generating Code...
LINK : warning LNK4075: ignoring '/INCREMENTAL' due to '/OPT:ICF' specification
     Creating library C:\Users\galax\Desktop\dbg\bin\x64\x64_dbg.lib and object C:\Users\galax\Desktop\dbg\bin\x64\x64_dbg.exp
  dbg_dbg.vcxproj -> C:\Users\galax\Desktop\dbg\bin\x64\x64_dbg.dll
  dbg_dbg.vcxproj -> C:\Users\galax\Desktop\dbg\bin\x64\x64_dbg.pdb (Full PDB)
